Log file open, 11/08/18 00:23:46
LogWindows: Failed to load 'aqProf.dll' (GetLastError=126)
LogWindows: File 'aqProf.dll' does not exist
LogWindows: Failed to load 'VtuneApi.dll' (GetLastError=126)
LogWindows: File 'VtuneApi.dll' does not exist
LogWindows: Failed to load 'VtuneApi32e.dll' (GetLastError=126)
LogWindows: File 'VtuneApi32e.dll' does not exist
LogInit: Display: Running engine for game: JamCraft
LogPlatformFile: Not using cached read wrapper
LogTaskGraph: Started task graph with 5 named threads and 14 total threads with 3 sets of task threads.
LogStats: Stats thread started at 0.177699
LogD3D11RHI: Loaded GFSDK_Aftermath_Lib.x64.dll
LogICUInternationalization: Display: ICU TimeZone Detection - Raw Offset: +0:00, Platform Override: ''
LogPluginManager: Mounting plugin Paper2D
LogPluginManager: Mounting plugin AISupport
LogPluginManager: Mounting plugin LightPropagationVolume
LogPluginManager: Mounting plugin CLionSourceCodeAccess
LogPluginManager: Mounting plugin CodeLiteSourceCodeAccess
LogPluginManager: Mounting plugin GitSourceControl
LogPluginManager: Mounting plugin KDevelopSourceCodeAccess
LogPluginManager: Mounting plugin NullSourceCodeAccess
LogPluginManager: Mounting plugin PerforceSourceControl
LogPluginManager: Mounting plugin SubversionSourceControl
LogPluginManager: Mounting plugin UObjectPlugin
LogPluginManager: Mounting plugin VisualStudioCodeSourceCodeAccess
LogPluginManager: Mounting plugin VisualStudioSourceCodeAccess
LogPluginManager: Mounting plugin XCodeSourceCodeAccess
LogPluginManager: Mounting plugin AssetManagerEditor
LogPluginManager: Mounting plugin CryptoKeys
LogPluginManager: Mounting plugin DataValidation
LogPluginManager: Mounting plugin FacialAnimation
LogPluginManager: Mounting plugin GameplayTagsEditor
LogPluginManager: Mounting plugin MacGraphicsSwitching
LogPluginManager: Mounting plugin MeshEditor
LogPluginManager: Mounting plugin MobileLauncherProfileWizard
LogPluginManager: Mounting plugin PluginBrowser
LogPluginManager: Mounting plugin SpeedTreeImporter
LogPluginManager: Mounting plugin DatasmithContent
LogPluginManager: Mounting plugin AlembicImporter
LogPluginManager: Mounting plugin AppleImageUtils
LogPluginManager: Mounting plugin AppleVision
LogPluginManager: Mounting plugin BackChannel
LogPluginManager: Mounting plugin CharacterAI
LogPluginManager: Mounting plugin GeometryCache
LogPluginManager: Mounting plugin HTML5Networking
LogPluginManager: Mounting plugin ProxyLODPlugin
LogPluginManager: Mounting plugin FMODStudio
LogPluginManager: Mounting plugin MagicLeap
LogPluginManager: Mounting plugin MagicLeapEmulator
LogPluginManager: Mounting plugin MagicLeapMedia
LogPluginManager: Mounting plugin AndroidMedia
LogPluginManager: Mounting plugin AvfMedia
LogPluginManager: Mounting plugin ImgMedia
LogPluginManager: Mounting plugin LinearTimecode
LogPluginManager: Mounting plugin MediaCompositing
LogPluginManager: Mounting plugin MediaPlayerEditor
LogPluginManager: Mounting plugin WmfMedia
LogPluginManager: Mounting plugin TcpMessaging
LogPluginManager: Mounting plugin UdpMessaging
LogPluginManager: Mounting plugin ActorSequence
LogPluginManager: Mounting plugin LevelSequenceEditor
LogPluginManager: Mounting plugin MatineeToLevelSequence
LogPluginManager: Mounting plugin NetcodeUnitTest
LogPluginManager: Mounting plugin NUTUnrealEngine4
LogPluginManager: Mounting plugin OnlineSubsystemGooglePlay
LogPluginManager: Mounting plugin OnlineSubsystemIOS
LogPluginManager: Mounting plugin OnlineSubsystem
LogPluginManager: Mounting plugin OnlineSubsystemNull
LogPluginManager: Mounting plugin OnlineSubsystemUtils
LogPluginManager: Mounting plugin LauncherChunkInstaller
LogPluginManager: Mounting plugin AndroidDeviceProfileSelector
LogPluginManager: Mounting plugin AndroidMoviePlayer
LogPluginManager: Mounting plugin AndroidPermission
LogPluginManager: Mounting plugin AppleMoviePlayer
LogPluginManager: Mounting plugin ArchVisCharacter
LogPluginManager: Mounting plugin AudioCapture
LogPluginManager: Mounting plugin CableComponent
LogPluginManager: Mounting plugin CustomMeshComponent
LogPluginManager: Mounting plugin EditableMesh
LogPluginManager: Mounting plugin ExampleDeviceProfileSelector
LogPluginManager: Mounting plugin GoogleCloudMessaging
LogPluginManager: Mounting plugin ImmediatePhysics
LogPluginManager: Mounting plugin IOSDeviceProfileSelector
LogPluginManager: Mounting plugin LinuxDeviceProfileSelector
LogPluginManager: Mounting plugin LocationServicesBPLibrary
LogPluginManager: Mounting plugin MobilePatchingUtils
LogPluginManager: Mounting plugin OculusVR
LogPluginManager: Plugin shader directory ../../../Engine/Plugins/Runtime/Oculus/OculusVR/Shaders found
LogPluginManager: Mapping shader source directory ../../../Engine/Plugins/Runtime/Oculus/OculusVR/Shaders to virtual directory /Plugin/OculusVR
LogPluginManager: Mounting plugin PhysXVehicles
LogPluginManager: Mounting plugin ProceduralMeshComponent
LogPluginManager: Mounting plugin RuntimePhysXCooking
LogPluginManager: Mounting plugin SteamVR
LogPluginManager: Mounting plugin WindowsMoviePlayer
LogStreaming: Display: Took  0.075s to configure plugins.
LogInit: Using libcurl 7.55.1-DEV
LogInit:  - built for x86_64-pc-win32
LogInit:  - supports SSL with OpenSSL/1.0.2h
LogInit:  - supports HTTP deflate (compression) using libz 1.2.8
LogInit:  - other features:
LogInit:      CURL_VERSION_SSL
LogInit:      CURL_VERSION_LIBZ
LogInit:      CURL_VERSION_IPV6
LogInit:      CURL_VERSION_ASYNCHDNS
LogInit:      CURL_VERSION_LARGEFILE
LogInit:      CURL_VERSION_IDN
LogInit:  CurlRequestOptions (configurable via config and command line):
LogInit:  - bVerifyPeer = false  - Libcurl will NOT verify peer certificate
LogInit:  - bUseHttpProxy = false  - Libcurl will NOT use HTTP proxy
LogInit:  - bDontReuseConnections = false  - Libcurl will reuse connections
LogInit:  - CertBundlePath = nullptr  - Libcurl will use whatever was configured at build time.
LogInit:  - MaxHostConnections = 16  - Libcurl will limit the number of connections to a host
LogInit:  - LocalHostAddr = Default
LogInit:  - BufferSize = 65536
LogInit: WinSock: version 1.1 (2.2), MaxSocks=32767, MaxUdp=65467
LogInit: Build: ++UE4+Release-4.20-CL-4369336
LogInit: Engine Version: 4.20.3-4369336+++UE4+Release-4.20
LogInit: Compatible Engine Version: 4.20.0-4212847+++UE4+Release-4.20
LogInit: Net CL: 4212847
LogInit: OS: Windows 10 (), CPU: Intel(R) Core(TM) i5-7500 CPU @ 3.40GHz, GPU: NVIDIA GeForce GTX 1080 Ti
LogInit: Compiled (64-bit): Sep 17 2018 12:26:19
LogInit: Compiled with Visual C++: 19.13.26129.00
LogInit: Build Configuration: Development
LogInit: Branch Name: ++UE4+Release-4.20
LogInit: Command Line:  
LogInit: Base Directory: D:/UE_4.20/Engine/Binaries/Win64/
LogInit: Installed Engine Build: 1
LogDevObjectVersion: Number of dev versions registered: 20
LogDevObjectVersion:   Dev-Blueprints (B0D832E4-1F89-4F0D-ACCF-7EB736FD4AA2): 10
LogDevObjectVersion:   Dev-Build (E1C64328-A22C-4D53-A36C-8E866417BD8C): 0
LogDevObjectVersion:   Dev-Core (375EC13C-06E4-48FB-B500-84F0262A717E): 2
LogDevObjectVersion:   Dev-Editor (E4B068ED-F494-42E9-A231-DA0B2E46BB41): 24
LogDevObjectVersion:   Dev-Framework (CFFC743F-43B0-4480-9391-14DF171D2073): 34
LogDevObjectVersion:   Dev-Mobile (B02B49B5-BB20-44E9-A304-32B752E40360): 2
LogDevObjectVersion:   Dev-Networking (A4E4105C-59A1-49B5-A7C5-40C4547EDFEE): 0
LogDevObjectVersion:   Dev-Online (39C831C9-5AE6-47DC-9A44-9C173E1C8E7C): 0
LogDevObjectVersion:   Dev-Physics (78F01B33-EBEA-4F98-B9B4-84EACCB95AA2): 0
LogDevObjectVersion:   Dev-Platform (6631380F-2D4D-43E0-8009-CF276956A95A): 0
LogDevObjectVersion:   Dev-Rendering (12F88B9F-8875-4AFC-A67C-D90C383ABD29): 26
LogDevObjectVersion:   Dev-Sequencer (7B5AE74C-D270-4C10-A958-57980B212A5A): 9
LogDevObjectVersion:   Dev-VR (D7296918-1DD6-4BDD-9DE2-64A83CC13884): 2
LogDevObjectVersion:   Dev-LoadTimes (C2A15278-BFE7-4AFE-6C17-90FF531DF755): 1
LogDevObjectVersion:   Private-Geometry (6EACA3D4-40EC-4CC1-B786-8BED09428FC5): 3
LogDevObjectVersion:   Dev-AnimPhys (29E575DD-E0A3-4627-9D10-D276232CDCEA): 17
LogDevObjectVersion:   Dev-ReflectionCapture (6B266CEC-1EC7-4B8F-A30B-E4D90942FC07): 1
LogDevObjectVersion:   Dev-Automation (0DF73D61-A23F-47EA-B727-89E90C41499A): 1
LogDevObjectVersion:   FortniteMain (601D1886-AC64-4F84-AA16-D3DE0DEAC7D6): 12
LogDevObjectVersion:   Dev-Enterprise (9DFFBCD6-494F-0158-E221-12823C92A888): 1
LogStreaming: Display: Took  0.000s to delete old logs.
LogInit: Presizing for max 8388607 objects, including 0 objects not considered by GC, pre-allocating 0 bytes for permanent pool.
LogInit: Object subsystem initialized
[2018.11.08-00.23.47:058][  0]LogInit: Selected Device Profile: [Windows]
[2018.11.08-00.23.47:058][  0]LogInit: Applying CVar settings loaded from the selected device profile: [Windows]
[2018.11.08-00.23.47:065][  0]LogHAL: Display: Platform has ~ 32 GB [34309857280 / 34359738368 / 32], which maps to Largest [LargestMinGB=32, LargerMinGB=12, DefaultMinGB=8, SmallerMinGB=6, SmallestMinGB=0)
[2018.11.08-00.23.47:065][  0]LogInit: Setting Device Profile CVar: [[r.Vulkan.UseRealUBs:1]]
[2018.11.08-00.23.47:065][  0]LogInit: Going up to parent DeviceProfile []
[2018.11.08-00.23.47:065][  0]LogInit: Computer: JEEVES
[2018.11.08-00.23.47:065][  0]LogInit: User: lewis
[2018.11.08-00.23.47:065][  0]LogInit: CPU Page size=4096, Cores=4
[2018.11.08-00.23.47:065][  0]LogInit: High frequency timer resolution =3.328116 MHz
[2018.11.08-00.23.47:066][  0]LogMemory: Memory total: Physical=32.0GB (32GB approx)
[2018.11.08-00.23.47:066][  0]LogMemory: Platform Memory Stats for Windows
[2018.11.08-00.23.47:066][  0]LogMemory: Process Physical Memory: 102.07 MB used, 102.07 MB peak
[2018.11.08-00.23.47:066][  0]LogMemory: Process Virtual Memory: 94.68 MB used, 94.68 MB peak
[2018.11.08-00.23.47:066][  0]LogMemory: Physical Memory: 5191.64 MB used,  27528.79 MB free, 32720.43 MB total
[2018.11.08-00.23.47:066][  0]LogMemory: Virtual Memory: 4631.03 MB used,  27528.79 MB free, 134217728.00 MB total
[2018.11.08-00.23.47:084][  0]LogInit: Using OS detected language (en-US).
[2018.11.08-00.23.47:084][  0]LogInit: Using OS detected locale (en-GB).
[2018.11.08-00.23.47:084][  0]LogTextLocalizationManager: No specific localization for 'en-US' exists, so the 'en' localization will be used.
[2018.11.08-00.23.47:420][  0]LogStreaming: Display: Took  0.335s to InitEngineTextLocalization.
[2018.11.08-00.23.47:420][  0]LogInit: Setting process to per monitor DPI aware
[2018.11.08-00.23.47:444][  0]LogSlate: New Slate User Created.  User Index 0, Is Virtual User: 0
[2018.11.08-00.23.47:444][  0]LogSlate: Slate User Registered.  User Index 0, Is Virtual User: 0
[2018.11.08-00.23.47:624][  0]LogHMD: Failed to initialize OpenVR with code 110
[2018.11.08-00.23.47:624][  0]LogD3D11RHI: D3D11 adapters:
[2018.11.08-00.23.47:696][  0]LogD3D11RHI:    0. 'NVIDIA GeForce GTX 1080 Ti' (Feature Level 11_0)
[2018.11.08-00.23.47:696][  0]LogD3D11RHI:       11127/0/16360 MB DedicatedVideo/DedicatedSystem/SharedSystem, Outputs:1, VendorId:0x10de
[2018.11.08-00.23.47:699][  0]LogD3D11RHI:    1. 'Microsoft Basic Render Driver' (Feature Level 11_0)
[2018.11.08-00.23.47:699][  0]LogD3D11RHI:       0/0/16360 MB DedicatedVideo/DedicatedSystem/SharedSystem, Outputs:0, VendorId:0x1414
[2018.11.08-00.23.47:699][  0]LogD3D11RHI: Chosen D3D11 Adapter: 0
[2018.11.08-00.23.47:704][  0]LogD3D11RHI: Creating new Direct3DDevice
[2018.11.08-00.23.47:704][  0]LogD3D11RHI:     GPU DeviceId: 0x1b06 (for the marketing name, search the web for "GPU Device Id")
[2018.11.08-00.23.47:704][  0]LogWindows: EnumDisplayDevices:
[2018.11.08-00.23.47:704][  0]LogWindows:    0. 'NVIDIA GeForce GTX 1080 Ti' (P:1 D:1)
[2018.11.08-00.23.47:704][  0]LogWindows:    1. 'NVIDIA GeForce GTX 1080 Ti' (P:0 D:0)
[2018.11.08-00.23.47:705][  0]LogWindows:    2. 'NVIDIA GeForce GTX 1080 Ti' (P:0 D:0)
[2018.11.08-00.23.47:705][  0]LogWindows:    3. 'NVIDIA GeForce GTX 1080 Ti' (P:0 D:0)
[2018.11.08-00.23.47:705][  0]LogWindows: DebugString: FoundDriverCount:4 
[2018.11.08-00.23.47:705][  0]LogD3D11RHI:     Adapter Name: NVIDIA GeForce GTX 1080 Ti
[2018.11.08-00.23.47:705][  0]LogD3D11RHI:   Driver Version: 398.36 (internal:24.21.13.9836, unified:398.36)
[2018.11.08-00.23.47:705][  0]LogD3D11RHI:      Driver Date: 6-24-2018
[2018.11.08-00.23.47:705][  0]LogRHI: Texture pool is 7788 MB (70% of 11127 MB)
[2018.11.08-00.23.47:745][  0]LogD3D11RHI: Async texture creation enabled
[2018.11.08-00.23.47:770][  0]LogD3D11RHI: GPU Timing Frequency: 1000.000000 (Debug: 2 2)
[2018.11.08-00.23.47:817][  0]LogShaderCompilers: Guid format shader working directory is 4 characters bigger than the processId version (../../../../JamCraftProject/JamCraftMaster/Intermediate/Shaders/WorkingDirectory/1860/).
[2018.11.08-00.23.47:817][  0]LogShaderCompilers: Cleaned the shader compiler working directory 'C:/Users/lewis/AppData/Local/Temp/UnrealShaderWorkingDir/3EA7C53342C58FADD30FFD8CAAEEA6E2/'.
[2018.11.08-00.23.48:052][  0]LogTemp: Display: Loaded TP AllDesktopTargetPlatform
[2018.11.08-00.23.48:063][  0]LogTemp: Display: Loaded TP MacClientTargetPlatform
[2018.11.08-00.23.48:075][  0]LogTemp: Display: Loaded TP MacNoEditorTargetPlatform
[2018.11.08-00.23.48:087][  0]LogTemp: Display: Loaded TP MacServerTargetPlatform
[2018.11.08-00.23.48:098][  0]LogTemp: Display: Loaded TP MacTargetPlatform
[2018.11.08-00.23.48:110][  0]LogTemp: Display: Loaded TP WindowsClientTargetPlatform
[2018.11.08-00.23.48:122][  0]LogTemp: Display: Loaded TP WindowsNoEditorTargetPlatform
[2018.11.08-00.23.48:134][  0]LogTemp: Display: Loaded TP WindowsServerTargetPlatform
[2018.11.08-00.23.48:139][  0]LogTemp: Display: Loaded TP WindowsTargetPlatform
[2018.11.08-00.23.48:212][  0]LogTemp: Display: Loaded TP AndroidTargetPlatform
[2018.11.08-00.23.48:212][  0]LogTemp: Display: Loaded TP AndroidTargetPlatform
[2018.11.08-00.23.48:212][  0]LogTemp: Display: Loaded TP AndroidTargetPlatform
[2018.11.08-00.23.48:212][  0]LogTemp: Display: Loaded TP AndroidTargetPlatform
[2018.11.08-00.23.48:212][  0]LogTemp: Display: Loaded TP AndroidTargetPlatform
[2018.11.08-00.23.48:212][  0]LogTemp: Display: Loaded TP AndroidTargetPlatform
[2018.11.08-00.23.48:212][  0]LogTemp: Display: Loaded TP AndroidTargetPlatform
[2018.11.08-00.23.48:212][  0]LogTemp: Display: Loaded TP AndroidTargetPlatform
[2018.11.08-00.23.48:212][  0]LogTemp: Display: Loaded TP AndroidTargetPlatform
[2018.11.08-00.23.48:212][  0]LogTemp: Display: Loaded TP AndroidTargetPlatform
[2018.11.08-00.23.48:212][  0]LogTemp: Display: Loaded TP AndroidTargetPlatform
[2018.11.08-00.23.48:212][  0]LogTemp: Display: Loaded TP AndroidTargetPlatform
[2018.11.08-00.23.48:212][  0]LogTemp: Display: Loaded TP AndroidTargetPlatform
[2018.11.08-00.23.48:212][  0]LogTemp: Display: Loaded TP AndroidTargetPlatform
[2018.11.08-00.23.48:212][  0]LogTemp: Display: Loaded TP AndroidTargetPlatform
[2018.11.08-00.23.48:212][  0]LogTemp: Display: Loaded TP AndroidTargetPlatform
[2018.11.08-00.23.48:212][  0]LogTemp: Display: Loaded TP AndroidTargetPlatform
[2018.11.08-00.23.48:212][  0]LogTemp: Display: Loaded TP AndroidTargetPlatform
[2018.11.08-00.23.48:214][  0]LogTemp: Display: Loaded TP HTML5TargetPlatform
[2018.11.08-00.23.48:273][  0]LogTemp: Display: Loaded TP IOSTargetPlatform
[2018.11.08-00.23.48:273][  0]LogTemp: Display: Loaded TP IOSTargetPlatform
[2018.11.08-00.23.48:296][  0]LogTemp: Display: Loaded TP TVOSTargetPlatform
[2018.11.08-00.23.48:296][  0]LogTemp: Display: Loaded TP TVOSTargetPlatform
[2018.11.08-00.23.48:308][  0]LogTemp: Display: Loaded TP LinuxClientTargetPlatform
[2018.11.08-00.23.48:320][  0]LogTemp: Display: Loaded TP LinuxNoEditorTargetPlatform
[2018.11.08-00.23.48:331][  0]LogTemp: Display: Loaded TP LinuxServerTargetPlatform
[2018.11.08-00.23.48:343][  0]LogTemp: Display: Loaded TP LinuxTargetPlatform
[2018.11.08-00.23.48:351][  0]LogTemp: Display: Loaded TP LuminTargetPlatform
[2018.11.08-00.23.48:351][  0]LogTargetPlatformManager: Display: Building Assets For Windows
[2018.11.08-00.23.48:391][  0]LogXGEController: Cleaning working directory: C:/Users/lewis/AppData/Local/Temp/UnrealXGEWorkingDir/
[2018.11.08-00.23.48:391][  0]LogXGEController: Cannot use XGE Controller as Incredibuild is not installed on this machine.
[2018.11.08-00.23.48:392][  0]LogShaderCompilers: Cannot use XGE Shader Compiler as Incredibuild is not installed on this machine.
[2018.11.08-00.23.48:392][  0]LogShaderCompilers: Display: Using Local Shader Compiler.
[2018.11.08-00.23.49:026][  0]LogDerivedDataCache: Display: Max Cache Size: 512 MB
[2018.11.08-00.23.49:078][  0]LogDerivedDataCache: Loaded boot cache 0.05s 71MB C:/Users/lewis/AppData/Local/UnrealEngine/4.20/DerivedDataCache/Boot.ddc.
[2018.11.08-00.23.49:078][  0]LogDerivedDataCache: Display: Loaded Boot cache: C:/Users/lewis/AppData/Local/UnrealEngine/4.20/DerivedDataCache/Boot.ddc
[2018.11.08-00.23.49:078][  0]LogDerivedDataCache: FDerivedDataBackendGraph:  Pak pak cache file ../../../../JamCraftProject/JamCraftMaster/DerivedDataCache/DDC.ddp not found, will not use a pak cache.
[2018.11.08-00.23.49:078][  0]LogDerivedDataCache: Unable to find inner node Pak for hierarchical cache Hierarchy.
[2018.11.08-00.23.49:078][  0]LogDerivedDataCache: FDerivedDataBackendGraph:  CompressedPak pak cache file ../../../../JamCraftProject/JamCraftMaster/DerivedDataCache/Compressed.ddp not found, will not use a pak cache.
[2018.11.08-00.23.49:078][  0]LogDerivedDataCache: Unable to find inner node CompressedPak for hierarchical cache Hierarchy.
[2018.11.08-00.23.49:091][  0]LogDerivedDataCache: Display: Pak cache opened for reading ../../../Engine/DerivedDataCache/Compressed.ddp.
[2018.11.08-00.23.49:103][  0]LogDerivedDataCache: Using Local data cache path C:/Users/lewis/AppData/Local/UnrealEngine/Common/DerivedDataCache: Writable
[2018.11.08-00.23.49:103][  0]LogDerivedDataCache: Shared data cache path not found in *engine.ini, will not use an Shared cache.
[2018.11.08-00.23.49:103][  0]LogDerivedDataCache: Unable to find inner node Shared for hierarchical cache Hierarchy.
[2018.11.08-00.23.49:119][  0]LogMaterial: Verifying Global Shaders for PCD3D_SM5
[2018.11.08-00.23.49:121][  0]LogSlate: Using FreeType 2.6.0
[2018.11.08-00.23.49:121][  0]LogSlate: SlateFontServices - WITH_FREETYPE: 1, WITH_HARFBUZZ: 1
[2018.11.08-00.23.49:192][  0]LogAssetRegistry: FAssetRegistry took 0.0259 seconds to start up
[2018.11.08-00.23.49:479][  0]LogInit: Selected Device Profile: [Windows]
[2018.11.08-00.23.49:592][  0]LogSimplygon: Simplygon DLL not present - disabling.
[2018.11.08-00.23.49:595][  0]LogMeshReduction: Using SimplygonSwarm for distributed automatic mesh merging
[2018.11.08-00.23.49:595][  0]LogMeshReduction: Using ProxyLODMeshReduction for automatic mesh merging
[2018.11.08-00.23.49:595][  0]LogMeshReduction: Using QuadricMeshReduction for automatic static mesh reduction
[2018.11.08-00.23.49:595][  0]LogMeshReduction: No automatic skeletal mesh reduction module available
[2018.11.08-00.23.49:613][  0]LogNetVersion: JamCraft 1.0.0, NetCL: 4212847, EngineNetVer: 5, GameNetVer: 0 (Checksum: 1600867895)
[2018.11.08-00.23.50:072][  0]LogPackageLocalizationCache: Processed 12 localized package path(s) for 2 prioritized culture(s) in 0.084428 seconds
[2018.11.08-00.23.50:079][  0]LogUObjectArray: 38425 objects as part of root set at end of initial load.
[2018.11.08-00.23.50:079][  0]LogUObjectAllocator: 6690872 out of 0 bytes used by permanent object pool.
[2018.11.08-00.23.50:079][  0]LogUObjectArray: CloseDisregardForGC: 0/0 objects in disregard for GC pool
[2018.11.08-00.23.50:831][  0]LogFMOD: FFMODStudioModule startup
[2018.11.08-00.23.50:831][  0]LogFMOD:  Lib path = '../../../Engine/Plugins/FMODStudio/Binaries'
[2018.11.08-00.23.50:831][  0]LogFMOD: FFMODStudioModule::LoadDll: Loading ../../../Engine/Plugins/FMODStudio/Binaries/Win64/fmodL64.dll
[2018.11.08-00.23.50:834][  0]LogFMOD: FFMODStudioModule::LoadDll: Loading ../../../Engine/Plugins/FMODStudio/Binaries/Win64/fmodstudioL64.dll
[2018.11.08-00.23.50:868][  0]LogFMOD: Loading strings bank: ../../../../JamCraftProject/JamCraftMaster/Content/FMOD/Desktop/Master Bank.strings.bank
[2018.11.08-00.23.50:871][  0]LogFMOD: Error: f:\jk\workspace\1.10_UE4.20_Win64\studio_api\src\fmod_bankmodel.cpp(163) - Failed to open file '../../../../JamCraftProject/JamCraftMaster/Content/FMOD/Desktop/Master Bank.strings.bank'

[2018.11.08-00.23.50:871][  0]LogFMOD: Warning: Failed to load strings bank: ../../../../JamCraftProject/JamCraftMaster/Content/FMOD/Desktop/Master Bank.strings.bank
[2018.11.08-00.23.50:875][  0]LogFMOD: Default sample rate = 48000
[2018.11.08-00.23.50:875][  0]LogFMOD: System sample rate = 48000
[2018.11.08-00.23.50:875][  0]LogFMOD: Matching system sample rate 48000
[2018.11.08-00.23.50:899][  0]LogFMOD: Default sample rate = 48000
[2018.11.08-00.23.50:899][  0]LogFMOD: System sample rate = 48000
[2018.11.08-00.23.50:899][  0]LogFMOD: Matching system sample rate 48000
[2018.11.08-00.23.50:914][  0]LogTcpMessaging: Initializing TcpMessaging bridge
[2018.11.08-00.23.50:928][  0]LogUdpMessaging: Initializing bridge on interface 0.0.0.0:0 to multicast group 230.0.0.1:6666.
[2018.11.08-00.23.51:065][  0]SourceControl: Source control is disabled
[2018.11.08-00.23.51:360][  0]LogFMOD: FFMODStudioEditorModule startup
[2018.11.08-00.23.51:477][  0]LogAndroidPermission: UAndroidPermissionCallbackProxy::GetInstance
[2018.11.08-00.23.51:524][  0]LogOcInput: OculusInput pre-init called
[2018.11.08-00.23.51:577][  0]LogEngine: Initializing Engine...
[2018.11.08-00.23.51:578][  0]LogHMD: Failed to initialize OpenVR with code 110
[2018.11.08-00.23.51:579][  0]LogStats: UGameplayTagsManager::ConstructGameplayTagTree: ImportINI prefixes -  0.000 s
[2018.11.08-00.23.51:579][  0]LogStats: UGameplayTagsManager::ConstructGameplayTagTree: Construct from data asset -  0.000 s
[2018.11.08-00.23.51:579][  0]LogStats: UGameplayTagsManager::ConstructGameplayTagTree: ImportINI -  0.000 s
[2018.11.08-00.23.51:579][  0]LogStats: UGameplayTagsManager::ConstructGameplayTagTree: GameplayTagTreeChangedEvent.Broadcast -  0.000 s
[2018.11.08-00.23.51:771][  0]LogInit: Initializing FReadOnlyCVARCache
[2018.11.08-00.23.51:780][  0]LogAIModule: Creating AISystem for world Untitled
[2018.11.08-00.23.51:798][  0]LogInit: XAudio2 using 'Headphones (Realtek High Definition Audio)' : 2 channels at 48 kHz using 32 bits per sample (channel mask 0x3)
[2018.11.08-00.23.51:814][  0]LogInit: FAudioDevice initialized.
[2018.11.08-00.23.51:814][  0]LogNetVersion: Set ProjectVersion to 1.0.0.0. Version Checksum will be recalculated on next use.
[2018.11.08-00.23.51:957][  0]LogDerivedDataCache: Saved boot cache 0.14s 71MB C:/Users/lewis/AppData/Local/UnrealEngine/4.20/DerivedDataCache/Boot.ddc.
[2018.11.08-00.23.51:957][  0]LogInit: Texture streaming: Enabled
[2018.11.08-00.23.51:968][  0]LogEngineSessionManager: EngineSessionManager initialized
[2018.11.08-00.23.51:978][  0]LogInit: Transaction tracking system initialized
[2018.11.08-00.23.51:992][  0]BlueprintLog: New page: Editor Load
[2018.11.08-00.23.52:055][  0]LocalizationService: Localization service is disabled
[2018.11.08-00.23.52:290][  0]LogCook: Display: Max memory allowance for cook 16384mb min free memory 0mb
[2018.11.08-00.23.52:290][  0]LogCook: Display: Mobile HDR setting 1
[2018.11.08-00.23.52:290][  0]LogGameplayTags: Display: UGameplayTagsManager::DoneAddingNativeTags. DelegateIsBound: 0
[2018.11.08-00.23.52:290][  0]LogStats: UGameplayTagsManager::ConstructGameplayTagTree: ImportINI prefixes -  0.000 s
[2018.11.08-00.23.52:290][  0]LogStats: UGameplayTagsManager::ConstructGameplayTagTree: Construct from data asset -  0.000 s
[2018.11.08-00.23.52:290][  0]LogStats: UGameplayTagsManager::ConstructGameplayTagTree: ImportINI -  0.000 s
[2018.11.08-00.23.52:290][  0]LogStats: UGameplayTagsManager::ConstructGameplayTagTree: GameplayTagTreeChangedEvent.Broadcast -  0.000 s
[2018.11.08-00.23.52:384][  0]LogFileCache: Scanning file cache for directory 'D:/JamCraftProject/JamCraftMaster/Content/' took 0.02s
[2018.11.08-00.23.52:384][  0]Cmd: MAP LOAD FILE="../../../../JamCraftProject/JamCraftMaster/Content/Maps/EntryLevel.umap" TEMPLATE=0 SHOWPROGRESS=1 FEATURELEVEL=3
[2018.11.08-00.23.52:384][  0]LightingResults: New page: Lighting Build
[2018.11.08-00.23.52:386][  0]MapCheck: New page: Map Check
[2018.11.08-00.23.52:386][  0]LightingResults: New page: Lighting Build
[2018.11.08-00.23.52:410][  0]LogAIModule: Creating AISystem for world EntryLevel
[2018.11.08-00.23.52:410][  0]LogEditorServer: Finished looking for orphan Actors (0.000 secs)
[2018.11.08-00.23.52:431][  0]Cmd: MAP CHECKDEP NOCLEARLOG
[2018.11.08-00.23.52:475][  0]MapCheck: Map check complete: 0 Error(s), 0 Warning(s), took 43.363ms to complete.
[2018.11.08-00.23.52:475][  0]LogFileHelpers: Loading map 'EntryLevel' took 0.091
[2018.11.08-00.23.52:558][  0]LogCollectionManager: Loaded 0 collections in 0.000767 seconds
[2018.11.08-00.23.52:599][  0]LogFileCache: Scanning file cache for directory 'D:/JamCraftProject/JamCraftMaster/Saved/Collections/' took 0.01s
[2018.11.08-00.23.52:599][  0]LogFileCache: Scanning file cache for directory 'D:/JamCraftProject/JamCraftMaster/Content/Developers/lewis/Collections/' took 0.01s
[2018.11.08-00.23.52:599][  0]LogFileCache: Scanning file cache for directory 'D:/JamCraftProject/JamCraftMaster/Content/Collections/' took 0.01s
[2018.11.08-00.23.52:599][  0]LogCollectionManager: Rebuilt the GUID cache for 0 collections in 0.000000 seconds
[2018.11.08-00.23.52:608][  0]LogContentBrowser: Native class hierarchy populated in 0.0084 seconds. Added 2588 classes and 610 folders.
[2018.11.08-00.23.52:612][  0]LogContentBrowser: Native class hierarchy updated for 'WidgetCarousel' in 0.0002 seconds. Added 0 classes and 0 folders.
[2018.11.08-00.23.52:648][  0]LogContentBrowser: Native class hierarchy updated for 'AddContentDialog' in 0.0002 seconds. Added 0 classes and 0 folders.
[2018.11.08-00.23.52:668][  0]LogSlate: Updating window title bar state: overlay mode, drag disabled, window buttons hidden, title bar hidden
[2018.11.08-00.23.52:676][  0]LogSlate: Updating window title bar state: overlay mode, drag disabled, window buttons hidden, title bar hidden
[2018.11.08-00.23.52:683][  0]LogSlate: Updating window title bar state: overlay mode, drag disabled, window buttons hidden, title bar hidden
[2018.11.08-00.23.52:691][  0]LogSlate: Updating window title bar state: overlay mode, drag disabled, window buttons hidden, title bar hidden
[2018.11.08-00.23.52:696][  0]LogContentBrowser: Native class hierarchy updated for 'SceneOutliner' in 0.0002 seconds. Added 1 classes and 2 folders.
[2018.11.08-00.23.52:754][  0]LogSlate: Took 0.000286 seconds to synchronously load lazily loaded font '../../../Engine/Content/Slate/Fonts/Roboto-Regular.ttf' (155K)
[2018.11.08-00.23.52:756][  0]LogSlate: Took 0.000176 seconds to synchronously load lazily loaded font '../../../Engine/Content/Editor/Slate/Fonts/FontAwesome.ttf' (139K)
[2018.11.08-00.23.52:757][  0]LogSlate: Took 0.000185 seconds to synchronously load lazily loaded font '../../../Engine/Content/Slate/Fonts/Roboto-Bold.ttf' (160K)
[2018.11.08-00.23.52:820][  0]LogRenderer: Reallocating scene render targets to support 976x892 Format 10 NumSamples 1 (Frame:1).
[2018.11.08-00.23.52:901][  0]LogContentBrowser: Native class hierarchy updated for 'HierarchicalLODOutliner' in 0.0002 seconds. Added 0 classes and 0 folders.
[2018.11.08-00.23.52:901][  0]LogLoad: (Engine Initialization) Total time: 7.08 seconds
[2018.11.08-00.23.52:901][  0]LogLoad: (Engine Initialization) Total Blueprint compile time: 0.00 seconds
[2018.11.08-00.23.52:911][  0]LogSlate: FSceneViewport::OnFocusLost() reason 0
[2018.11.08-00.23.52:944][  0]LogContentStreaming: Texture pool size now 3000 MB
[2018.11.08-00.23.52:963][  0]LogSlate: Took 0.000177 seconds to synchronously load lazily loaded font '../../../Engine/Content/Slate/Fonts/Roboto-Light.ttf' (167K)
[2018.11.08-00.23.52:968][  1]LogFileCache: Retrieving MD5 hashes for directory 'D:/JamCraftProject/JamCraftMaster/Content/' took 0.05s
[2018.11.08-00.23.52:985][  1]LogAssetRegistry: Asset discovery search completed in 3.8154 seconds
[2018.11.08-00.23.52:987][  1]LogCollectionManager: Rebuilt the object cache for 0 collections in 0.000000 seconds (found 0 objects)
[2018.11.08-00.23.52:987][  1]LogCollectionManager: Fixed up redirectors for 0 collections in 0.000046 seconds (updated 0 objects)
[2018.11.08-00.24.00:929][658]LogSlate: Took 0.000169 seconds to synchronously load lazily loaded font '../../../Engine/Content/Slate/Fonts/Roboto-Light.ttf' (167K)
[2018.11.08-00.24.00:937][658]LogAssetEditorManager: Opening Asset editor for Blueprint /Game/Character/AlphoCharacter_BP.AlphoCharacter_BP
[2018.11.08-00.24.01:344][658]LogContentBrowser: Native class hierarchy updated for 'BlueprintGraph' in 0.0005 seconds. Added 116 classes and 0 folders.
[2018.11.08-00.24.02:167][658]LogSlate: Took 0.000167 seconds to synchronously load lazily loaded font '../../../Engine/Content/Slate/Fonts/Roboto-BoldCondensed.ttf' (158K)
[2018.11.08-00.24.02:427][659]LogSlate: Took 0.000181 seconds to synchronously load lazily loaded font '../../../Engine/Content/Slate/Fonts/Roboto-Italic.ttf' (157K)
[2018.11.08-00.25.14:030][598]BlueprintLog: New page: Compile AlphoCharacter_BP
[2018.11.08-00.25.14:985][618]Cmd: OBJ SAVEPACKAGE PACKAGE="/Game/Character/AlphoCharacter_BP" FILE="../../../../JamCraftProject/JamCraftMaster/Content/Character/AlphoCharacter_BP.uasset" SILENT=true
[2018.11.08-00.25.15:264][618]LogSavePackage: Moving '../../../../JamCraftProject/JamCraftMaster/Saved/AlphoCharacter_BP0F50D7D1488F171472EB2D8EAA1CF895.tmp' to '../../../../JamCraftProject/JamCraftMaster/Content/Character/AlphoCharacter_BP.uasset'
[2018.11.08-00.25.20:966][273]SourceControl: fatal: D:/UE_4.20/Engine/Content: 'D:/UE_4.20/Engine/Content' is outside repository
[2018.11.08-00.25.23:687][273]LogSlate: Window 'Submit Files' being destroyed
[2018.11.08-00.25.23:950][273]LogSourceControl: commit successful: [master 0d994a5] 1111
[2018.11.08-00.25.23:982][273]SourceControl: [master 0d994a5] 1111
[2018.11.08-00.25.23:982][273]SourceControl:  1 file changed, 0 insertions(+), 0 deletions(-)
[2018.11.08-00.25.23:986][273]SourceControl: Commited [master 0d994a5] 1111.
[2018.11.08-00.25.25:926][492]LogSlate: Window 'JamCraft - Unreal Editor' being destroyed
[2018.11.08-00.25.25:927][492]LogWindowsTextInputMethodSystem: Display: IME system now deactivated.
[2018.11.08-00.25.26:120][493]Cmd: QUIT_EDITOR
[2018.11.08-00.25.26:142][493]LogExit: Preparing to exit.
[2018.11.08-00.25.27:031][493]LogExit: Editor shut down
[2018.11.08-00.25.27:031][493]LogExit: Transaction tracking system shut down
[2018.11.08-00.25.27:659][493]LogExit: Object subsystem successfully closed.
[2018.11.08-00.25.27:671][493]LogShaderCompilers: Display: Shaders left to compile 0
[2018.11.08-00.25.27:674][493]LogD3D11RHI: Shutdown
[2018.11.08-00.25.27:674][493]LogD3D11RHI: CleanupD3DDevice
[2018.11.08-00.25.27:675][493]LogD3D11RHI: ~FD3D11DynamicRHI
[2018.11.08-00.25.27:684][493]LogModuleManager: Shutting down and abandoning module BlueprintGraph (616)
[2018.11.08-00.25.27:684][493]LogModuleManager: Shutting down and abandoning module HierarchicalLODOutliner (614)
[2018.11.08-00.25.27:684][493]LogModuleManager: Shutting down and abandoning module SceneOutliner (612)
[2018.11.08-00.25.27:685][493]LogModuleManager: Shutting down and abandoning module AddContentDialog (610)
[2018.11.08-00.25.27:685][493]LogModuleManager: Shutting down and abandoning module WidgetCarousel (609)
[2018.11.08-00.25.27:685][493]LogModuleManager: Shutting down and abandoning module EditorWidgets (606)
[2018.11.08-00.25.27:685][493]LogModuleManager: Shutting down and abandoning module CollectionManager (604)
[2018.11.08-00.25.27:685][493]LogModuleManager: Shutting down and abandoning module StatsViewer (602)
[2018.11.08-00.25.27:685][493]LogModuleManager: Shutting down and abandoning module FoliageEdit (600)
[2018.11.08-00.25.27:685][493]LogModuleManager: Shutting down and abandoning module LandscapeEditor (598)
[2018.11.08-00.25.27:685][493]LogModuleManager: Shutting down and abandoning module MeshPaintMode (596)
[2018.11.08-00.25.27:685][493]LogModuleManager: Shutting down and abandoning module SceneDepthPickerMode (594)
[2018.11.08-00.25.27:685][493]LogModuleManager: Shutting down and abandoning module ActorPickerMode (592)
[2018.11.08-00.25.27:685][493]LogModuleManager: Shutting down and abandoning module GeometryMode (590)
[2018.11.08-00.25.27:685][493]LogModuleManager: Shutting down and abandoning module TextureAlignMode (588)
[2018.11.08-00.25.27:685][493]LogModuleManager: Shutting down and abandoning module BspMode (586)
[2018.11.08-00.25.27:685][493]LogModuleManager: Shutting down and abandoning module PIEPreviewDeviceProfileSelector (584)
[2018.11.08-00.25.27:685][493]LogModuleManager: Shutting down and abandoning module SequenceRecorderSections (582)
[2018.11.08-00.25.27:685][493]LogModuleManager: Shutting down and abandoning module AutomationWorker (580)
[2018.11.08-00.25.27:685][493]LogModuleManager: Shutting down and abandoning module AudioCaptureEditor (578)
[2018.11.08-00.25.27:685][493]LogModuleManager: Shutting down and abandoning module SequenceRecorder (577)
[2018.11.08-00.25.27:685][493]LogModuleManager: Shutting down and abandoning module MatineeToLevelSequence (574)
[2018.11.08-00.25.27:685][493]LogModuleManager: Shutting down and abandoning module LevelSequenceEditor (572)
[2018.11.08-00.25.27:685][493]LogModuleManager: Shutting down and abandoning module PlacementMode (571)
[2018.11.08-00.25.27:685][493]LogModuleManager: Shutting down and abandoning module MaterialEditor (570)
[2018.11.08-00.25.27:686][493]LogModuleManager: Shutting down and abandoning module WmfMediaFactory (566)
[2018.11.08-00.25.27:686][493]LogModuleManager: Shutting down and abandoning module WmfMediaEditor (564)
[2018.11.08-00.25.27:686][493]LogModuleManager: Shutting down and abandoning module MediaPlayerEditor (562)
[2018.11.08-00.25.27:686][493]LogModuleManager: Shutting down and abandoning module OpenExrWrapper (560)
[2018.11.08-00.25.27:686][493]LogModuleManager: Shutting down and abandoning module ImgMediaFactory (558)
[2018.11.08-00.25.27:686][493]LogModuleManager: Shutting down and abandoning module ImgMediaEditor (556)
[2018.11.08-00.25.27:686][493]LogModuleManager: Shutting down and abandoning module AvfMediaFactory (554)
[2018.11.08-00.25.27:686][493]LogModuleManager: Shutting down and abandoning module AvfMediaEditor (552)
[2018.11.08-00.25.27:686][493]LogModuleManager: Shutting down and abandoning module AndroidMediaFactory (550)
[2018.11.08-00.25.27:686][493]LogModuleManager: Shutting down and abandoning module AndroidMediaEditor (548)
[2018.11.08-00.25.27:686][493]LogModuleManager: Shutting down and abandoning module MagicLeapCameraPreviewFactory (546)
[2018.11.08-00.25.27:686][493]LogModuleManager: Shutting down and abandoning module MagicLeapMediaFactory (544)
[2018.11.08-00.25.27:686][493]LogModuleManager: Shutting down and abandoning module MagicLeapMediaEditor (542)
[2018.11.08-00.25.27:686][493]LogModuleManager: Shutting down and abandoning module CharacterAI (540)
[2018.11.08-00.25.27:686][493]LogModuleManager: Shutting down and abandoning module SmartSnapping (538)
[2018.11.08-00.25.27:686][493]LogModuleManager: Shutting down and abandoning module SessionServices (536)
[2018.11.08-00.25.27:686][493]LogModuleManager: Shutting down and abandoning module ViewportSnapping (534)
[2018.11.08-00.25.27:686][493]LogModuleManager: Shutting down and abandoning module ViewportInteraction (532)
[2018.11.08-00.25.27:686][493]LogModuleManager: Shutting down and abandoning module ClothPainter (530)
[2018.11.08-00.25.27:686][493]LogModuleManager: Shutting down and abandoning module SkeletalMeshEditor (529)
[2018.11.08-00.25.27:686][493]LogModuleManager: Shutting down and abandoning module LogVisualizer (526)
[2018.11.08-00.25.27:686][493]LogModuleManager: Shutting down and abandoning module IntroTutorials (524)
[2018.11.08-00.25.27:686][493]LogModuleManager: Shutting down and abandoning module GameProjectGeneration (523)
[2018.11.08-00.25.27:686][493]LogModuleManager: Shutting down and abandoning module LuminPlatformEditor (520)
[2018.11.08-00.25.27:686][493]LogModuleManager: Shutting down and abandoning module IOSPlatformEditor (518)
[2018.11.08-00.25.27:686][493]LogModuleManager: Shutting down and abandoning module HTML5PlatformEditor (516)
[2018.11.08-00.25.27:686][493]LogModuleManager: Shutting down and abandoning module AndroidPlatformEditor (514)
[2018.11.08-00.25.27:686][493]LogModuleManager: Shutting down and abandoning module AndroidDeviceDetection (513)
[2018.11.08-00.25.28:138][493]LogModuleManager: Shutting down and abandoning module WindowsPlatformEditor (510)
[2018.11.08-00.25.28:138][493]LogModuleManager: Shutting down and abandoning module LuminRuntimeSettings (508)
[2018.11.08-00.25.28:138][493]LogModuleManager: Shutting down and abandoning module IOSRuntimeSettings (506)
[2018.11.08-00.25.28:138][493]LogModuleManager: Shutting down and abandoning module AndroidRuntimeSettings (504)
[2018.11.08-00.25.28:138][493]LogModuleManager: Shutting down and abandoning module InputBindingEditor (502)
[2018.11.08-00.25.28:138][493]LogModuleManager: Shutting down and abandoning module MergeActors (500)
[2018.11.08-00.25.28:138][493]LogModuleManager: Shutting down and abandoning module LocalizationDashboard (498)
[2018.11.08-00.25.28:138][493]LogModuleManager: Shutting down and abandoning module LocalizationService (497)
[2018.11.08-00.25.28:138][493]LogModuleManager: Shutting down and abandoning module HardwareTargeting (494)
[2018.11.08-00.25.28:138][493]LogModuleManager: Shutting down and abandoning module DeviceProfileEditor (492)
[2018.11.08-00.25.28:138][493]LogModuleManager: Shutting down and abandoning module UndoHistory (490)
[2018.11.08-00.25.28:138][493]LogModuleManager: Shutting down and abandoning module XmlParser (488)
[2018.11.08-00.25.28:138][493]LogModuleManager: Shutting down and abandoning module Blutility (486)
[2018.11.08-00.25.28:138][493]LogModuleManager: Shutting down and abandoning module ProjectSettingsViewer (484)
[2018.11.08-00.25.28:138][493]LogModuleManager: Shutting down and abandoning module ProjectTargetPlatformEditor (483)
[2018.11.08-00.25.28:138][493]LogModuleManager: Shutting down and abandoning module EditorSettingsViewer (480)
[2018.11.08-00.25.28:138][493]LogModuleManager: Shutting down and abandoning module SettingsEditor (478)
[2018.11.08-00.25.28:138][493]LogModuleManager: Shutting down and abandoning module ProjectLauncher (476)
[2018.11.08-00.25.28:138][493]LogModuleManager: Shutting down and abandoning module SessionFrontend (474)
[2018.11.08-00.25.28:138][493]LogModuleManager: Shutting down and abandoning module ProfilerClient (472)
[2018.11.08-00.25.28:138][493]LogModuleManager: Shutting down and abandoning module DeviceManager (470)
[2018.11.08-00.25.28:138][493]LogModuleManager: Shutting down and abandoning module TargetDeviceServices (469)
[2018.11.08-00.25.28:191][493]LogModuleManager: Shutting down and abandoning module AutomationController (466)
[2018.11.08-00.25.28:191][493]LogModuleManager: Shutting down and abandoning module AutomationWindow (464)
[2018.11.08-00.25.28:191][493]LogModuleManager: Shutting down and abandoning module Layers (462)
[2018.11.08-00.25.28:191][493]LogModuleManager: Shutting down and abandoning module ComponentVisualizers (460)
[2018.11.08-00.25.28:191][493]LogModuleManager: Shutting down and abandoning module DetailCustomizations (458)
[2018.11.08-00.25.28:191][493]LogModuleManager: Shutting down and abandoning module PackagesDialog (456)
[2018.11.08-00.25.28:191][493]LogModuleManager: Shutting down and abandoning module Persona (454)
[2018.11.08-00.25.28:191][493]LogModuleManager: Shutting down and abandoning module AdvancedPreviewScene (453)
[2018.11.08-00.25.28:191][493]LogModuleManager: Shutting down and abandoning module AnimGraph (451)
[2018.11.08-00.25.28:191][493]LogModuleManager: Shutting down and abandoning module Kismet (448)
[2018.11.08-00.25.28:197][493]LogModuleManager: Shutting down and abandoning module GraphEditor (446)
[2018.11.08-00.25.28:197][493]LogModuleManager: Shutting down and abandoning module ClassViewer (444)
[2018.11.08-00.25.28:197][493]LogModuleManager: Shutting down and abandoning module Toolbox (442)
[2018.11.08-00.25.28:197][493]LogModuleManager: Shutting down and abandoning module ModuleUI (440)
[2018.11.08-00.25.28:197][493]LogModuleManager: Shutting down and abandoning module MovieSceneTools (438)
[2018.11.08-00.25.28:197][493]LogModuleManager: Shutting down and abandoning module OutputLog (436)
[2018.11.08-00.25.28:197][493]LogModuleManager: Shutting down and abandoning module GammaUI (434)
[2018.11.08-00.25.28:197][493]LogModuleManager: Shutting down and abandoning module Documentation (432)
[2018.11.08-00.25.28:197][493]LogModuleManager: Shutting down and abandoning module MovieSceneTracks (430)
[2018.11.08-00.25.28:197][493]LogModuleManager: Shutting down and abandoning module MovieScene (428)
[2018.11.08-00.25.28:197][493]LogModuleManager: Shutting down and abandoning module StreamingPauseRendering (426)
[2018.11.08-00.25.28:197][493]LogModuleManager: Shutting down and abandoning module LauncherPlatform (424)
[2018.11.08-00.25.28:197][493]LogModuleManager: Shutting down and abandoning module AnalyticsET (422)
[2018.11.08-00.25.28:197][493]LogModuleManager: Shutting down and abandoning module PortalServices (420)
[2018.11.08-00.25.28:197][493]LogModuleManager: Shutting down and abandoning module PortalRpc (418)
[2018.11.08-00.25.28:197][493]LogModuleManager: Shutting down and abandoning module MessagingRpc (416)
[2018.11.08-00.25.28:197][493]LogModuleManager: Shutting down and abandoning module AIModule (414)
[2018.11.08-00.25.28:197][493]LogModuleManager: Shutting down and abandoning module GameplayDebugger (413)
[2018.11.08-00.25.28:197][493]LogModuleManager: Shutting down and abandoning module AITestSuite (411)
[2018.11.08-00.25.28:197][493]LogModuleManager: Shutting down and abandoning module NavigationSystem (409)
[2018.11.08-00.25.28:197][493]LogModuleManager: Shutting down and abandoning module DesktopPlatform (406)
[2018.11.08-00.25.28:197][493]LogModuleManager: Shutting down and abandoning module ProfilerService (404)
[2018.11.08-00.25.28:207][493]LogModuleManager: Shutting down and abandoning module TaskGraph (402)
[2018.11.08-00.25.28:207][493]LogModuleManager: Shutting down and abandoning module SteamVRController (400)
[2018.11.08-00.25.28:207][493]LogModuleManager: Shutting down and abandoning module ProceduralMeshComponentEditor (398)
[2018.11.08-00.25.28:207][493]LogModuleManager: Shutting down and abandoning module ProceduralMeshComponent (396)
[2018.11.08-00.25.28:207][493]LogModuleManager: Shutting down and abandoning module OculusInput (394)
[2018.11.08-00.25.28:207][493]LogModuleManager: Shutting down and abandoning module MobilePatchingUtils (392)
[2018.11.08-00.25.28:207][493]LogModuleManager: Shutting down and abandoning module EditableMesh (390)
[2018.11.08-00.25.28:207][493]LogModuleManager: Shutting down and abandoning module CustomMeshComponent (388)
[2018.11.08-00.25.28:207][493]LogModuleManager: Shutting down and abandoning module CableComponent (386)
[2018.11.08-00.25.28:208][493]LogModuleManager: Shutting down and abandoning module AudioCapture (384)
[2018.11.08-00.25.28:208][493]LogModuleManager: Shutting down and abandoning module ArchVisCharacter (382)
[2018.11.08-00.25.28:208][493]LogModuleManager: Shutting down and abandoning module AndroidPermission (380)
[2018.11.08-00.25.28:208][493]LogModuleManager: Shutting down and abandoning module NUTUnrealEngine4 (378)
[2018.11.08-00.25.28:208][493]LogModuleManager: Shutting down and abandoning module NetcodeUnitTest (376)
[2018.11.08-00.25.28:208][493]LogModuleManager: Shutting down and abandoning module MediaCompositingEditor (374)
[2018.11.08-00.25.28:208][493]LogModuleManager: Shutting down and abandoning module MediaCompositing (372)
[2018.11.08-00.25.28:208][493]LogModuleManager: Shutting down and abandoning module LinearTimecode (370)
[2018.11.08-00.25.28:208][493]LogModuleManager: Shutting down and abandoning module ImgMedia (368)
[2018.11.08-00.25.28:211][493]LogModuleManager: Shutting down and abandoning module FMODStudioEditor (366)
[2018.11.08-00.25.28:211][493]LogModuleManager: Shutting down and abandoning module HTML5Networking (364)
[2018.11.08-00.25.28:211][493]LogModuleManager: Shutting down and abandoning module GeometryCacheTracks (362)
[2018.11.08-00.25.28:211][493]LogModuleManager: Shutting down and abandoning module GeometryCacheSequencer (360)
[2018.11.08-00.25.28:211][493]LogModuleManager: Shutting down and abandoning module BackChannel (358)
[2018.11.08-00.25.28:211][493]LogModuleManager: Shutting down and abandoning module AppleVision (356)
[2018.11.08-00.25.28:211][493]LogModuleManager: Shutting down and abandoning module AppleImageUtils (354)
[2018.11.08-00.25.28:211][493]LogModuleManager: Shutting down and abandoning module AlembicImporter (352)
[2018.11.08-00.25.28:211][493]LogModuleManager: Shutting down and abandoning module AlembicLibrary (351)
[2018.11.08-00.25.28:211][493]LogModuleManager: Shutting down and abandoning module GeometryCache (350)
[2018.11.08-00.25.28:211][493]LogModuleManager: Shutting down and abandoning module GeometryCacheEd (349)
[2018.11.08-00.25.28:211][493]LogModuleManager: Shutting down and abandoning module DatasmithContentEditor (344)
[2018.11.08-00.25.28:211][493]LogModuleManager: Shutting down and abandoning module DatasmithContent (342)
[2018.11.08-00.25.28:211][493]LogModuleManager: Shutting down and abandoning module SpeedTreeImporter (340)
[2018.11.08-00.25.28:211][493]LogModuleManager: Shutting down and abandoning module PluginBrowser (338)
[2018.11.08-00.25.28:211][493]LogModuleManager: Shutting down and abandoning module MobileLauncherProfileWizard (336)
[2018.11.08-00.25.28:211][493]LogModuleManager: Shutting down and abandoning module PolygonModeling (334)
[2018.11.08-00.25.28:211][493]LogModuleManager: Shutting down and abandoning module MeshEditor (332)
[2018.11.08-00.25.28:211][493]LogModuleManager: Shutting down and abandoning module CryptoKeysOpenSSL (330)
[2018.11.08-00.25.28:211][493]LogModuleManager: Shutting down and abandoning module CryptoKeys (328)
[2018.11.08-00.25.28:211][493]LogModuleManager: Shutting down and abandoning module VisualStudioSourceCodeAccess (326)
[2018.11.08-00.25.28:211][493]LogModuleManager: Shutting down and abandoning module VisualStudioCodeSourceCodeAccess (324)
[2018.11.08-00.25.28:211][493]LogModuleManager: Shutting down and abandoning module UObjectPlugin (322)
[2018.11.08-00.25.28:211][493]LogModuleManager: Shutting down and abandoning module SubversionSourceControl (320)
[2018.11.08-00.25.28:211][493]LogModuleManager: Shutting down and abandoning module PerforceSourceControl (318)
[2018.11.08-00.25.28:211][493]LogModuleManager: Shutting down and abandoning module GitSourceControl (316)
[2018.11.08-00.25.28:211][493]LogModuleManager: Shutting down and abandoning module SourceControl (315)
[2018.11.08-00.25.28:211][493]LogModuleManager: Shutting down and abandoning module CLionSourceCodeAccess (312)
[2018.11.08-00.25.28:211][493]LogModuleManager: Shutting down and abandoning module LightPropagationVolumeEditor (310)
[2018.11.08-00.25.28:211][493]LogModuleManager: Shutting down and abandoning module PaperTiledImporter (308)
[2018.11.08-00.25.28:211][493]LogModuleManager: Shutting down and abandoning module PaperSpriteSheetImporter (306)
[2018.11.08-00.25.28:211][493]LogModuleManager: Shutting down and abandoning module Paper2DEditor (304)
[2018.11.08-00.25.28:212][493]LogModuleManager: Shutting down and abandoning module MeshPaint (303)
[2018.11.08-00.25.28:212][493]LogModuleManager: Shutting down and abandoning module RuntimePhysXCooking (300)
[2018.11.08-00.25.28:212][493]LogModuleManager: Shutting down and abandoning module PhysXVehiclesEditor (298)
[2018.11.08-00.25.28:212][493]LogModuleManager: Shutting down and abandoning module PhysXVehicles (296)
[2018.11.08-00.25.28:212][493]LogModuleManager: Shutting down and abandoning module OculusEditor (294)
[2018.11.08-00.25.28:212][493]LogModuleManager: Shutting down and abandoning module LocationServicesBPLibrary (292)
[2018.11.08-00.25.28:212][493]LogModuleManager: Shutting down and abandoning module ImmediatePhysicsEditor (290)
[2018.11.08-00.25.28:212][493]LogModuleManager: Shutting down and abandoning module ImmediatePhysics (288)
[2018.11.08-00.25.28:212][493]LogModuleManager: Shutting down and abandoning module ActorSequence (286)
[2018.11.08-00.25.28:212][493]LogModuleManager: Shutting down and abandoning module UdpMessaging (284)
[2018.11.08-00.25.28:313][493]LogModuleManager: Shutting down and abandoning module TcpMessaging (282)
[2018.11.08-00.25.28:413][493]LogModuleManager: Shutting down and abandoning module MagicLeapAudio (280)
[2018.11.08-00.25.28:413][493]LogModuleManager: Shutting down and abandoning module FMODStudio (278)
[2018.11.08-00.25.28:615][493]LogModuleManager: Shutting down and abandoning module GameplayTagsEditor (276)
[2018.11.08-00.25.28:615][493]LogModuleManager: Shutting down and abandoning module FacialAnimationEditor (274)
[2018.11.08-00.25.28:615][493]LogModuleManager: Shutting down and abandoning module FacialAnimation (272)
[2018.11.08-00.25.28:615][493]LogModuleManager: Shutting down and abandoning module DataValidation (270)
[2018.11.08-00.25.28:615][493]LogModuleManager: Shutting down and abandoning module AssetManagerEditor (268)
[2018.11.08-00.25.28:615][493]LogModuleManager: Shutting down and abandoning module LevelEditor (267)
[2018.11.08-00.25.28:615][493]LogModuleManager: Shutting down and abandoning module PixelInspectorModule (266)
[2018.11.08-00.25.28:615][493]LogModuleManager: Shutting down and abandoning module CommonMenuExtensions (264)
[2018.11.08-00.25.28:616][493]LogModuleManager: Shutting down and abandoning module MainFrame (262)
[2018.11.08-00.25.28:616][493]LogModuleManager: Shutting down and abandoning module HotReload (261)
[2018.11.08-00.25.28:616][493]LogModuleManager: Shutting down and abandoning module ContentBrowser (257)
[2018.11.08-00.25.28:617][493]LogModuleManager: Shutting down and abandoning module TreeMap (255)
[2018.11.08-00.25.28:617][493]LogModuleManager: Shutting down and abandoning module LightPropagationVolumeRuntime (252)
[2018.11.08-00.25.28:617][493]LogModuleManager: Shutting down and abandoning module AISupportModule (250)
[2018.11.08-00.25.28:617][493]LogModuleManager: Shutting down and abandoning module Paper2D (248)
[2018.11.08-00.25.28:617][493]LogModuleManager: Shutting down and abandoning module WindowsMoviePlayer (246)
[2018.11.08-00.25.28:617][493]LogModuleManager: Shutting down and abandoning module WmfMedia (244)
[2018.11.08-00.25.28:618][493]LogModuleManager: Shutting down and abandoning module Media (243)
[2018.11.08-00.25.28:625][493]LogModuleManager: Shutting down and abandoning module PacketHandler (240)
[2018.11.08-00.25.28:625][493]LogModuleManager: Shutting down and abandoning module ClothingSystemEditor (238)
[2018.11.08-00.25.28:625][493]LogModuleManager: Shutting down and abandoning module ClothingSystemRuntime (236)
[2018.11.08-00.25.28:625][493]LogModuleManager: Shutting down and abandoning module MediaAssets (234)
[2018.11.08-00.25.28:625][493]LogModuleManager: Shutting down and abandoning module Overlay (232)
[2018.11.08-00.25.28:625][493]LogModuleManager: Shutting down and abandoning module OverlayEditor (231)
[2018.11.08-00.25.28:625][493]LogModuleManager: Shutting down and abandoning module VREditor (228)
[2018.11.08-00.25.28:625][493]LogModuleManager: Shutting down and abandoning module StringTableEditor (226)
[2018.11.08-00.25.28:625][493]LogModuleManager: Shutting down and abandoning module GameplayTasksEditor (224)
[2018.11.08-00.25.28:625][493]LogModuleManager: Shutting down and abandoning module BehaviorTreeEditor (222)
[2018.11.08-00.25.28:625][493]LogModuleManager: Shutting down and abandoning module FunctionalTesting (220)
[2018.11.08-00.25.28:625][493]LogModuleManager: Shutting down and abandoning module CollisionAnalyzer (218)
[2018.11.08-00.25.28:625][493]LogModuleManager: Shutting down and abandoning module WorkspaceMenuStructure (217)
[2018.11.08-00.25.28:625][493]LogModuleManager: Shutting down and abandoning module UMG (214)
[2018.11.08-00.25.28:625][493]LogModuleManager: Shutting down and abandoning module UMGEditor (213)
[2018.11.08-00.25.28:625][493]LogModuleManager: Shutting down and abandoning module Sequencer (212)
[2018.11.08-00.25.28:625][493]LogModuleManager: Shutting down and abandoning module MessageLog (209)
[2018.11.08-00.25.28:625][493]LogModuleManager: Shutting down and abandoning module SlateReflector (204)
[2018.11.08-00.25.28:625][493]LogModuleManager: Shutting down and abandoning module Slate (202)
[2018.11.08-00.25.28:625][493]LogModuleManager: Shutting down and abandoning module EditorStyle (200)
[2018.11.08-00.25.28:626][493]LogModuleManager: Shutting down and abandoning module MRMesh (198)
[2018.11.08-00.25.28:626][493]LogModuleManager: Shutting down and abandoning module SourceCodeAccess (196)
[2018.11.08-00.25.28:626][493]LogModuleManager: Shutting down and abandoning module HeadMountedDisplay (194)
[2018.11.08-00.25.28:627][493]LogModuleManager: Shutting down and abandoning module XAudio2 (192)
[2018.11.08-00.25.28:627][493]LogModuleManager: Shutting down and abandoning module Networking (190)
[2018.11.08-00.25.28:627][493]LogModuleManager: Shutting down and abandoning module Core (188)
[2018.11.08-00.25.28:627][493]LogModuleManager: Shutting down and abandoning module LevelSequence (186)
[2018.11.08-00.25.28:627][493]LogModuleManager: Shutting down and abandoning module KismetCompiler (184)
[2018.11.08-00.25.28:627][493]LogModuleManager: Shutting down and abandoning module MeshUtilities (182)
[2018.11.08-00.25.28:627][493]LogModuleManager: Shutting down and abandoning module MeshMergeUtilities (181)
[2018.11.08-00.25.28:627][493]LogModuleManager: Shutting down and abandoning module MeshReductionInterface (180)
[2018.11.08-00.25.28:627][493]LogModuleManager: Shutting down and abandoning module SimplygonSwarm (179)
[2018.11.08-00.25.28:627][493]LogModuleManager: Shutting down and abandoning module ProxyLODMeshReduction (177)
[2018.11.08-00.25.28:627][493]LogModuleManager: Shutting down and abandoning module SimplygonMeshReduction (175)
[2018.11.08-00.25.28:627][493]LogModuleManager: Shutting down and abandoning module QuadricMeshReduction (173)
[2018.11.08-00.25.28:627][493]LogModuleManager: Shutting down and abandoning module MaterialBaking (169)
[2018.11.08-00.25.28:627][493]LogModuleManager: Shutting down and abandoning module DirectoryWatcher (165)
[2018.11.08-00.25.28:627][493]LogModuleManager: Shutting down and abandoning module DerivedDataCache (162)
[2018.11.08-00.25.28:702][493]LogDerivedDataCache: Shutdown
[2018.11.08-00.25.28:702][493]LogModuleManager: Shutting down and abandoning module XGEController (160)
[2018.11.08-00.25.28:702][493]LogXGEController: Cleaning working directory: C:/Users/lewis/AppData/Local/Temp/UnrealXGEWorkingDir/
[2018.11.08-00.25.28:703][493]LogModuleManager: Shutting down and abandoning module TargetPlatform (158)
[2018.11.08-00.25.28:703][493]LogModuleManager: Shutting down and abandoning module VulkanShaderFormat (157)
[2018.11.08-00.25.28:703][493]LogModuleManager: Shutting down and abandoning module ShaderFormatVectorVM (155)
[2018.11.08-00.25.28:703][493]LogModuleManager: Shutting down and abandoning module ShaderFormatOpenGL (153)
[2018.11.08-00.25.28:703][493]LogModuleManager: Shutting down and abandoning module ShaderFormatD3D (151)
[2018.11.08-00.25.28:703][493]LogModuleManager: Shutting down and abandoning module MetalShaderFormat (149)
[2018.11.08-00.25.28:703][493]LogModuleManager: Shutting down and abandoning module TextureFormatUncompressed (147)
[2018.11.08-00.25.28:703][493]LogModuleManager: Shutting down and abandoning module TextureFormatPVR (145)
[2018.11.08-00.25.28:703][493]LogModuleManager: Shutting down and abandoning module TextureFormatDXT (143)
[2018.11.08-00.25.28:703][493]LogModuleManager: Shutting down and abandoning module TextureFormatIntelISPCTexComp (141)
[2018.11.08-00.25.28:703][493]LogModuleManager: Shutting down and abandoning module TextureFormatASTC (139)
[2018.11.08-00.25.28:703][493]LogModuleManager: Shutting down and abandoning module ImageWrapper (138)
[2018.11.08-00.25.28:703][493]LogModuleManager: Shutting down and abandoning module TextureFormatAndroid (135)
[2018.11.08-00.25.28:703][493]LogModuleManager: Shutting down and abandoning module AudioFormatOpus (133)
[2018.11.08-00.25.28:703][493]LogModuleManager: Shutting down and abandoning module AudioFormatOgg (131)
[2018.11.08-00.25.28:703][493]LogModuleManager: Shutting down and abandoning module AudioFormatADPCM (129)
[2018.11.08-00.25.28:703][493]LogModuleManager: Shutting down and abandoning module LuminTargetPlatform (127)
[2018.11.08-00.25.28:703][493]LogModuleManager: Shutting down and abandoning module LinuxTargetPlatform (125)
[2018.11.08-00.25.28:703][493]LogModuleManager: Shutting down and abandoning module LinuxServerTargetPlatform (123)
[2018.11.08-00.25.28:703][493]LogModuleManager: Shutting down and abandoning module LinuxNoEditorTargetPlatform (121)
[2018.11.08-00.25.28:703][493]LogModuleManager: Shutting down and abandoning module LinuxClientTargetPlatform (119)
[2018.11.08-00.25.28:703][493]LogModuleManager: Shutting down and abandoning module TVOSTargetPlatform (117)
[2018.11.08-00.25.28:704][493]LogModuleManager: Shutting down and abandoning module Messaging (115)
[2018.11.08-00.25.28:704][493]LogModuleManager: Shutting down and abandoning module IOSTargetPlatform (113)
[2018.11.08-00.25.28:704][493]LogModuleManager: Shutting down and abandoning module HTML5TargetPlatform (111)
[2018.11.08-00.25.28:704][493]LogModuleManager: Shutting down and abandoning module AndroidTargetPlatform (109)
[2018.11.08-00.25.28:709][493]LogModuleManager: Shutting down and abandoning module WindowsTargetPlatform (107)
[2018.11.08-00.25.28:709][493]LogModuleManager: Shutting down and abandoning module WindowsServerTargetPlatform (105)
[2018.11.08-00.25.28:709][493]LogModuleManager: Shutting down and abandoning module WindowsNoEditorTargetPlatform (103)
[2018.11.08-00.25.28:709][493]LogModuleManager: Shutting down and abandoning module WindowsClientTargetPlatform (101)
[2018.11.08-00.25.28:709][493]LogModuleManager: Shutting down and abandoning module MacTargetPlatform (99)
[2018.11.08-00.25.28:709][493]LogModuleManager: Shutting down and abandoning module MacServerTargetPlatform (97)
[2018.11.08-00.25.28:709][493]LogModuleManager: Shutting down and abandoning module MacNoEditorTargetPlatform (95)
[2018.11.08-00.25.28:709][493]LogModuleManager: Shutting down and abandoning module MacClientTargetPlatform (93)
[2018.11.08-00.25.28:709][493]LogModuleManager: Shutting down and abandoning module AllDesktopTargetPlatform (91)
[2018.11.08-00.25.28:709][493]LogModuleManager: Shutting down and abandoning module InputCore (88)
[2018.11.08-00.25.28:709][493]LogModuleManager: Shutting down and abandoning module Settings (86)
[2018.11.08-00.25.28:709][493]LogModuleManager: Shutting down and abandoning module PhysXCooking (84)
[2018.11.08-00.25.28:709][493]LogModuleManager: Shutting down and abandoning module SteamVR (82)
[2018.11.08-00.25.28:709][493]LogModuleManager: Shutting down and abandoning module OculusHMD (80)
[2018.11.08-00.25.28:710][493]LogModuleManager: Shutting down and abandoning module ExampleDeviceProfileSelector (78)
[2018.11.08-00.25.28:710][493]LogModuleManager: Shutting down and abandoning module LauncherChunkInstaller (76)
[2018.11.08-00.25.28:710][493]LogModuleManager: Shutting down and abandoning module OnlineBlueprintSupport (74)
[2018.11.08-00.25.28:710][493]LogModuleManager: Shutting down and abandoning module OnlineSubsystem (70)
[2018.11.08-00.25.28:710][493]LogModuleManager: Shutting down and abandoning module XMPP (65)
[2018.11.08-00.25.28:710][493]LogModuleManager: Shutting down and abandoning module WebSockets (64)
[2018.11.08-00.25.28:713][493]LogModuleManager: Shutting down and abandoning module HTTP (61)
[2018.11.08-00.25.28:713][493]LogHttp: Display: Http module shutting down, but needs to wait on 1 outstanding Http requests:
[2018.11.08-00.25.28:713][493]LogHttp: Display: 	verb=[POST] url=[https://datarouter.ol.epicgames.com/datarouter/api/v1/public/data?SessionID=%7B38967D73-4360-7954-C7A5-8AB395533DAB%7D&AppID=UEEditor.Rocket.Release&AppVersion=4.20.3-4369336%2B%2B%2BUE4%2BRelease-4.20&UserID=8c060ef9413efb9cc23c67a1be28d577%7C90419b79d71f4cbfaa0288859582131d%7C16e48c52-d1e2-407a-a241-6e08e79c4c3f&AppEnvironment=datacollector-binary&UploadType=eteventstream] status=Processing
[2018.11.08-00.25.28:714][493]LogModuleManager: Shutting down and abandoning module SSL (60)
[2018.11.08-00.25.28:715][493]LogModuleManager: Shutting down and abandoning module MagicLeapEmulator (56)
[2018.11.08-00.25.28:715][493]LogModuleManager: Shutting down and abandoning module MagicLeapPrivileges (54)
[2018.11.08-00.25.28:715][493]LogModuleManager: Shutting down and abandoning module MagicLeapIdentity (52)
[2018.11.08-00.25.28:715][493]LogModuleManager: Shutting down and abandoning module MagicLeapHelperVulkan (50)
[2018.11.08-00.25.28:715][493]LogModuleManager: Shutting down and abandoning module MagicLeapHelperOpenGL (48)
[2018.11.08-00.25.28:715][493]LogModuleManager: Shutting down and abandoning module MagicLeapSecureStorage (46)
[2018.11.08-00.25.28:715][493]LogModuleManager: Shutting down and abandoning module MagicLeapGestures (44)
[2018.11.08-00.25.28:715][493]LogModuleManager: Shutting down and abandoning module MagicLeapEyeTracker (42)
[2018.11.08-00.25.28:715][493]LogModuleManager: Shutting down and abandoning module MagicLeapController (40)
[2018.11.08-00.25.28:715][493]LogSlate: Slate User Destroyed.  User Index 0, Is Virtual User: 0
[2018.11.08-00.25.28:715][493]LogModuleManager: Shutting down and abandoning module MagicLeap (38)
[2018.11.08-00.25.28:715][493]LogModuleManager: Shutting down and abandoning module AnimationModifiers (36)
[2018.11.08-00.25.28:716][493]LogModuleManager: Shutting down and abandoning module PropertyEditor (35)
[2018.11.08-00.25.28:716][493]LogModuleManager: Shutting down and abandoning module AudioEditor (32)
[2018.11.08-00.25.28:716][493]LogModuleManager: Shutting down and abandoning module TextureCompressor (30)
[2018.11.08-00.25.28:716][493]LogModuleManager: Shutting down and abandoning module ShaderCore (28)
[2018.11.08-00.25.28:716][493]LogModuleManager: Shutting down and abandoning module Landscape (26)
[2018.11.08-00.25.28:716][493]LogModuleManager: Shutting down and abandoning module SlateRHIRenderer (24)
[2018.11.08-00.25.28:716][493]LogModuleManager: Shutting down and abandoning module OpenGLDrv (22)
[2018.11.08-00.25.28:716][493]LogModuleManager: Shutting down and abandoning module D3D11RHI (20)
[2018.11.08-00.25.28:716][493]LogModuleManager: Shutting down and abandoning module AnimGraphRuntime (18)
[2018.11.08-00.25.28:716][493]LogModuleManager: Shutting down and abandoning module Renderer (16)
[2018.11.08-00.25.28:716][493]LogModuleManager: Shutting down and abandoning module Engine (14)
[2018.11.08-00.25.28:716][493]LogModuleManager: Shutting down and abandoning module CoreUObject (12)
[2018.11.08-00.25.28:717][493]LogModuleManager: Shutting down and abandoning module NetworkFile (10)
[2018.11.08-00.25.28:717][493]LogModuleManager: Shutting down and abandoning module CookedIterativeFile (8)
[2018.11.08-00.25.28:717][493]LogModuleManager: Shutting down and abandoning module StreamingFile (6)
[2018.11.08-00.25.28:717][493]LogModuleManager: Shutting down and abandoning module SandboxFile (4)
[2018.11.08-00.25.28:717][493]LogModuleManager: Shutting down and abandoning module PakFile (2)
[2018.11.08-00.25.28:720][493]LogExit: Exiting.
[2018.11.08-00.25.28:729][493]Log file closed, 11/08/18 00:25:28
